[transformers] `torch_dtype` is deprecated! Use `dtype` instead!
method: AltPO
forget facts: 400 QA (20 authors, 20/author)
invented facts: 100 QA (20 authors, 5/author)
writing curves to: results/relearning/AltPO.auth20.step400.lr2e-5.relearning_curves.json

=== condition altpo_forget: open-unlearning/unlearn_tofu_Llama-3.2-1B-Instruct_forget10_AltPO_lr5e-05_beta0.1_alpha1_epoch10 ===
Loading weights:   0%|          | 0/146 [00:00<?, ?it/s]Loading weights:   1%|          | 1/146 [00:01<04:42,  1.95s/it]Loading weights:  58%|█████▊    | 84/146 [00:02<00:01, 54.54it/s]Loading weights:  77%|███████▋  | 113/146 [00:02<00:00, 63.13it/s]Loading weights:  91%|█████████ | 133/146 [00:02<00:00, 68.23it/s]Loading weights: 100%|██████████| 146/146 [00:02<00:00, 52.35it/s]
Loaded: open-unlearning/unlearn_tofu_Llama-3.2-1B-Instruct_forget10_AltPO_lr5e-05_beta0.1_alpha1_epoch10
Device: mps | dtype: torch.float16
Params: 1.2B
  [altpo_forget] step   0  mean gold log-prob = -3.281
  [altpo_forget] step   1  mean gold log-prob = -3.281
  [altpo_forget] step   2  mean gold log-prob = -3.281
  [altpo_forget] step   3  mean gold log-prob = -3.280
  [altpo_forget] step   4  mean gold log-prob = -3.280
  [altpo_forget] step   5  mean gold log-prob = -3.280
  [altpo_forget] step   6  mean gold log-prob = -3.280
  [altpo_forget] step   7  mean gold log-prob = -3.280
  [altpo_forget] step   8  mean gold log-prob = -3.280
  [altpo_forget] step   9  mean gold log-prob = -3.280
  [altpo_forget] step  10  mean gold log-prob = -3.280
  [altpo_forget] step  11  mean gold log-prob = -3.280
  [altpo_forget] step  12  mean gold log-prob = -3.279
  [altpo_forget] step  13  mean gold log-prob = -3.279
  [altpo_forget] step  14  mean gold log-prob = -3.279
  [altpo_forget] step  15  mean gold log-prob = -3.279
  [altpo_forget] step  16  mean gold log-prob = -3.279
  [altpo_forget] step  17  mean gold log-prob = -3.279
  [altpo_forget] step  18  mean gold log-prob = -3.279
  [altpo_forget] step  19  mean gold log-prob = -3.279
  [altpo_forget] step  20  mean gold log-prob = -3.279
  [altpo_forget] step  21  mean gold log-prob = -3.279
  [altpo_forget] step  22  mean gold log-prob = -3.279
  [altpo_forget] step  23  mean gold log-prob = -3.279
  [altpo_forget] step  24  mean gold log-prob = -3.279
  [altpo_forget] step  25  mean gold log-prob = -3.279
  [altpo_forget] step  30  mean gold log-prob = -3.280
  [altpo_forget] step  35  mean gold log-prob = -3.281
  [altpo_forget] step  40  mean gold log-prob = -3.282
  [altpo_forget] step  45  mean gold log-prob = -3.283
  [altpo_forget] step  50  mean gold log-prob = -3.283
  [altpo_forget] step  55  mean gold log-prob = -3.284
  [altpo_forget] step  60  mean gold log-prob = -3.285
  [altpo_forget] step  65  mean gold log-prob = -3.285
  [altpo_forget] step  70  mean gold log-prob = -3.285
  [altpo_forget] step  75  mean gold log-prob = -3.285
  [altpo_forget] step  80  mean gold log-prob = -3.285
  [altpo_forget] step  85  mean gold log-prob = -3.285
  [altpo_forget] step  90  mean gold log-prob = -3.285
  [altpo_forget] step  95  mean gold log-prob = -3.285
  [altpo_forget] step 100  mean gold log-prob = -3.285
  [altpo_forget] step 110  mean gold log-prob = -3.286
  [altpo_forget] step 120  mean gold log-prob = -3.287
  [altpo_forget] step 130  mean gold log-prob = -3.285
  [altpo_forget] step 140  mean gold log-prob = -3.285
  [altpo_forget] step 150  mean gold log-prob = -3.284
  [altpo_forget] step 160  mean gold log-prob = -3.284
  [altpo_forget] step 170  mean gold log-prob = -3.283
  [altpo_forget] step 180  mean gold log-prob = -3.283
  [altpo_forget] step 190  mean gold log-prob = -3.283
  [altpo_forget] step 200  mean gold log-prob = -3.284
  [altpo_forget] step 210  mean gold log-prob = -3.285
  [altpo_forget] step 220  mean gold log-prob = -3.285
  [altpo_forget] step 230  mean gold log-prob = -3.288
  [altpo_forget] step 240  mean gold log-prob = -3.289
  [altpo_forget] step 250  mean gold log-prob = -3.291
  [altpo_forget] step 260  mean gold log-prob = -3.291
  [altpo_forget] step 270  mean gold log-prob = -3.291
  [altpo_forget] step 280  mean gold log-prob = -3.291
  [altpo_forget] step 290  mean gold log-prob = -3.293
  [altpo_forget] step 300  mean gold log-prob = -3.296
  [altpo_forget] step 310  mean gold log-prob = -3.297
  [altpo_forget] step 320  mean gold log-prob = -3.297
  [altpo_forget] step 330  mean gold log-prob = -3.295
  [altpo_forget] step 340  mean gold log-prob = -3.294
  [altpo_forget] step 350  mean gold log-prob = -3.293
  [altpo_forget] step 360  mean gold log-prob = -3.295
  [altpo_forget] step 370  mean gold log-prob = -3.296
  [altpo_forget] step 380  mean gold log-prob = -3.296
  [altpo_forget] step 390  mean gold log-prob = -3.296
  [altpo_forget] step 400  mean gold log-prob = -3.297

=== condition base_invented: open-unlearning/tofu_Llama-3.2-1B-Instruct_full ===
Loading weights:   0%|          | 0/146 [00:00<?, ?it/s]Loading weights:   1%|          | 1/146 [00:00<01:47,  1.35it/s]Loading weights:  58%|█████▊    | 84/146 [00:00<00:00, 129.89it/s]Loading weights:  85%|████████▍ | 124/146 [00:01<00:00, 95.74it/s]Loading weights: 100%|██████████| 146/146 [00:01<00:00, 90.58it/s]
Loaded: open-unlearning/tofu_Llama-3.2-1B-Instruct_full
Device: mps | dtype: torch.float16
Params: 1.2B
  [base_invented] step   0  mean gold log-prob = -2.992
  [base_invented] step   1  mean gold log-prob = -2.992
  [base_invented] step   2  mean gold log-prob = -2.992
  [base_invented] step   3  mean gold log-prob = -2.992
  [base_invented] step   4  mean gold log-prob = -2.992
  [base_invented] step   5  mean gold log-prob = -2.991
  [base_invented] step   6  mean gold log-prob = -2.992
  [base_invented] step   7  mean gold log-prob = -2.992
  [base_invented] step   8  mean gold log-prob = -2.992
  [base_invented] step   9  mean gold log-prob = -2.992
  [base_invented] step  10  mean gold log-prob = -2.992
  [base_invented] step  11  mean gold log-prob = -2.992
  [base_invented] step  12  mean gold log-prob = -2.991
  [base_invented] step  13  mean gold log-prob = -2.991
  [base_invented] step  14  mean gold log-prob = -2.992
  [base_invented] step  15  mean gold log-prob = -2.991
  [base_invented] step  16  mean gold log-prob = -2.991
  [base_invented] step  17  mean gold log-prob = -2.991
  [base_invented] step  18  mean gold log-prob = -2.991
  [base_invented] step  19  mean gold log-prob = -2.991
  [base_invented] step  20  mean gold log-prob = -2.991
  [base_invented] step  21  mean gold log-prob = -2.991
  [base_invented] step  22  mean gold log-prob = -2.990
  [base_invented] step  23  mean gold log-prob = -2.990
  [base_invented] step  24  mean gold log-prob = -2.990
  [base_invented] step  25  mean gold log-prob = -2.990
  [base_invented] step  30  mean gold log-prob = -2.990
  [base_invented] step  35  mean gold log-prob = -2.990
  [base_invented] step  40  mean gold log-prob = -2.990
  [base_invented] step  45  mean gold log-prob = -2.989
  [base_invented] step  50  mean gold log-prob = -2.989
  [base_invented] step  55  mean gold log-prob = -2.989
  [base_invented] step  60  mean gold log-prob = -2.988
  [base_invented] step  65  mean gold log-prob = -2.988
  [base_invented] step  70  mean gold log-prob = -2.988
  [base_invented] step  75  mean gold log-prob = -2.988
  [base_invented] step  80  mean gold log-prob = -2.988
  [base_invented] step  85  mean gold log-prob = -2.988
  [base_invented] step  90  mean gold log-prob = -2.988
  [base_invented] step  95  mean gold log-prob = -2.988
  [base_invented] step 100  mean gold log-prob = -2.987
  [base_invented] step 110  mean gold log-prob = -2.987
  [base_invented] step 120  mean gold log-prob = -2.986
  [base_invented] step 130  mean gold log-prob = -2.986
  [base_invented] step 140  mean gold log-prob = -2.986
  [base_invented] step 150  mean gold log-prob = -2.985
  [base_invented] step 160  mean gold log-prob = -2.984
  [base_invented] step 170  mean gold log-prob = -2.983
  [base_invented] step 180  mean gold log-prob = -2.982
  [base_invented] step 190  mean gold log-prob = -2.981
  [base_invented] step 200  mean gold log-prob = -2.980
  [base_invented] step 210  mean gold log-prob = -2.979
  [base_invented] step 220  mean gold log-prob = -2.978
  [base_invented] step 230  mean gold log-prob = -2.978
  [base_invented] step 240  mean gold log-prob = -2.979
  [base_invented] step 250  mean gold log-prob = -2.979
  [base_invented] step 260  mean gold log-prob = -2.978
  [base_invented] step 270  mean gold log-prob = -2.979
  [base_invented] step 280  mean gold log-prob = -2.979
  [base_invented] step 290  mean gold log-prob = -2.977
  [base_invented] step 300  mean gold log-prob = -2.977
  [base_invented] step 310  mean gold log-prob = -2.976
  [base_invented] step 320  mean gold log-prob = -2.975
  [base_invented] step 330  mean gold log-prob = -2.974
  [base_invented] step 340  mean gold log-prob = -2.972
  [base_invented] step 350  mean gold log-prob = -2.971
  [base_invented] step 360  mean gold log-prob = -2.969
  [base_invented] step 370  mean gold log-prob = -2.968
  [base_invented] step 380  mean gold log-prob = -2.959
  [base_invented] step 390  mean gold log-prob = -2.954
  [base_invented] step 400  mean gold log-prob = -2.951

=== condition base_forget: open-unlearning/tofu_Llama-3.2-1B-Instruct_full ===
Loading weights:   0%|          | 0/146 [00:00<?, ?it/s]Loading weights:   1%|          | 1/146 [00:00<01:03,  2.28it/s]Loading weights:  82%|████████▏ | 119/146 [00:00<00:00, 291.57it/s]Loading weights: 100%|██████████| 146/146 [00:00<00:00, 255.50it/s]
Loaded: open-unlearning/tofu_Llama-3.2-1B-Instruct_full
Device: mps | dtype: torch.float16
Params: 1.2B
  [base_forget] step   0  mean gold log-prob = -0.683
  [base_forget] step   1  mean gold log-prob = -0.682
  [base_forget] step   2  mean gold log-prob = -0.682
  [base_forget] step   3  mean gold log-prob = -0.682
  [base_forget] step   4  mean gold log-prob = -0.682
  [base_forget] step   5  mean gold log-prob = -0.682
  [base_forget] step   6  mean gold log-prob = -0.682
  [base_forget] step   7  mean gold log-prob = -0.682
  [base_forget] step   8  mean gold log-prob = -0.682
  [base_forget] step   9  mean gold log-prob = -0.682
  [base_forget] step  10  mean gold log-prob = -0.682
  [base_forget] step  11  mean gold log-prob = -0.682
  [base_forget] step  12  mean gold log-prob = -0.682
  [base_forget] step  13  mean gold log-prob = -0.682
  [base_forget] step  14  mean gold log-prob = -0.682
  [base_forget] step  15  mean gold log-prob = -0.682
  [base_forget] step  16  mean gold log-prob = -0.682
  [base_forget] step  17  mean gold log-prob = -0.682
  [base_forget] step  18  mean gold log-prob = -0.682
  [base_forget] step  19  mean gold log-prob = -0.682
  [base_forget] step  20  mean gold log-prob = -0.682
  [base_forget] step  21  mean gold log-prob = -0.682
  [base_forget] step  22  mean gold log-prob = -0.682
  [base_forget] step  23  mean gold log-prob = -0.682
  [base_forget] step  24  mean gold log-prob = -0.682
  [base_forget] step  25  mean gold log-prob = -0.682
  [base_forget] step  30  mean gold log-prob = -0.682
  [base_forget] step  35  mean gold log-prob = -0.682
  [base_forget] step  40  mean gold log-prob = -0.682
  [base_forget] step  45  mean gold log-prob = -0.682
  [base_forget] step  50  mean gold log-prob = -0.682
  [base_forget] step  55  mean gold log-prob = -0.682
  [base_forget] step  60  mean gold log-prob = -0.682
  [base_forget] step  65  mean gold log-prob = -0.682
  [base_forget] step  70  mean gold log-prob = -0.682
  [base_forget] step  75  mean gold log-prob = -0.682
  [base_forget] step  80  mean gold log-prob = -0.682
  [base_forget] step  85  mean gold log-prob = -0.682
  [base_forget] step  90  mean gold log-prob = -0.682
  [base_forget] step  95  mean gold log-prob = -0.682
  [base_forget] step 100  mean gold log-prob = -0.682
  [base_forget] step 110  mean gold log-prob = -0.682
  [base_forget] step 120  mean gold log-prob = -0.682
  [base_forget] step 130  mean gold log-prob = -0.682
  [base_forget] step 140  mean gold log-prob = -0.682
  [base_forget] step 150  mean gold log-prob = -0.682
  [base_forget] step 160  mean gold log-prob = -0.682
  [base_forget] step 170  mean gold log-prob = -0.682
  [base_forget] step 180  mean gold log-prob = -0.681
  [base_forget] step 190  mean gold log-prob = -0.681
  [base_forget] step 200  mean gold log-prob = -0.681
  [base_forget] step 210  mean gold log-prob = -0.681
  [base_forget] step 220  mean gold log-prob = -0.681
  [base_forget] step 230  mean gold log-prob = -0.680
  [base_forget] step 240  mean gold log-prob = -0.680
  [base_forget] step 250  mean gold log-prob = -0.680
  [base_forget] step 260  mean gold log-prob = -0.680
  [base_forget] step 270  mean gold log-prob = -0.680
  [base_forget] step 280  mean gold log-prob = -0.679
  [base_forget] step 290  mean gold log-prob = -0.679
  [base_forget] step 300  mean gold log-prob = -0.679
  [base_forget] step 310  mean gold log-prob = -0.679
  [base_forget] step 320  mean gold log-prob = -0.678
  [base_forget] step 330  mean gold log-prob = -0.678
  [base_forget] step 340  mean gold log-prob = -0.677
  [base_forget] step 350  mean gold log-prob = -0.677
  [base_forget] step 360  mean gold log-prob = -0.676
  [base_forget] step 370  mean gold log-prob = -0.676
  [base_forget] step 380  mean gold log-prob = -0.676
  [base_forget] step 390  mean gold log-prob = -0.676
  [base_forget] step 400  mean gold log-prob = -0.674

DONE. curves -> results/relearning/AltPO.auth20.step400.lr2e-5.relearning_curves.json
