[transformers] `torch_dtype` is deprecated! Use `dtype` instead!
forget facts: 400 QA (20 authors, 20/author)
invented facts: 100 QA (20 authors, 5/author)

=== condition rmu_forget: open-unlearning/unlearn_tofu_Llama-3.2-1B-Instruct_forget10_RMU_lr5e-05_layer10_scoeff10_epoch10 ===
Loading weights:   0%|          | 0/146 [00:00<?, ?it/s]Loading weights:   1%|          | 1/146 [00:01<03:03,  1.27s/it]Loading weights:  58%|█████▊    | 85/146 [00:01<00:00, 84.66it/s]Loading weights:  88%|████████▊ | 129/146 [00:01<00:00, 81.08it/s]Loading weights: 100%|██████████| 146/146 [00:02<00:00, 70.36it/s]
Loaded: open-unlearning/unlearn_tofu_Llama-3.2-1B-Instruct_forget10_RMU_lr5e-05_layer10_scoeff10_epoch10
Device: mps | dtype: torch.float16
Params: 1.2B
  [rmu_forget] step   0  mean gold log-prob = -7.917
  [rmu_forget] step   1  mean gold log-prob = -7.828
  [rmu_forget] step   2  mean gold log-prob = -7.851
  [rmu_forget] step   3  mean gold log-prob = -7.856
  [rmu_forget] step   4  mean gold log-prob = -7.856
  [rmu_forget] step   5  mean gold log-prob = -7.851
  [rmu_forget] step   6  mean gold log-prob = -7.839
  [rmu_forget] step   7  mean gold log-prob = -7.819
  [rmu_forget] step   8  mean gold log-prob = -7.794
  [rmu_forget] step   9  mean gold log-prob = -7.765
  [rmu_forget] step  10  mean gold log-prob = -7.764
  [rmu_forget] step  11  mean gold log-prob = -7.759
  [rmu_forget] step  12  mean gold log-prob = -7.774
  [rmu_forget] step  13  mean gold log-prob = -7.787
  [rmu_forget] step  14  mean gold log-prob = -7.795
  [rmu_forget] step  15  mean gold log-prob = -7.817
  [rmu_forget] step  20  mean gold log-prob = -7.926
  [rmu_forget] step  25  mean gold log-prob = -8.080
  [rmu_forget] step  30  mean gold log-prob = -8.071
  [rmu_forget] step  35  mean gold log-prob = -8.325
  [rmu_forget] step  40  mean gold log-prob = -8.485
  [rmu_forget] step  45  mean gold log-prob = -8.693
  [rmu_forget] step  50  mean gold log-prob = -8.839

=== condition base_invented: open-unlearning/tofu_Llama-3.2-1B-Instruct_full ===
Loading weights:   0%|          | 0/146 [00:00<?, ?it/s]Loading weights:   1%|          | 1/146 [00:01<02:53,  1.20s/it]Loading weights:  58%|█████▊    | 84/146 [00:01<00:00, 81.89it/s]Loading weights:  76%|███████▌  | 111/146 [00:01<00:00, 85.59it/s]Loading weights:  89%|████████▉ | 130/146 [00:01<00:00, 93.05it/s]Loading weights: 100%|██████████| 146/146 [00:01<00:00, 74.96it/s]
Loaded: open-unlearning/tofu_Llama-3.2-1B-Instruct_full
Device: mps | dtype: torch.float16
Params: 1.2B
  [base_invented] step   0  mean gold log-prob = -2.992
  [base_invented] step   1  mean gold log-prob = -2.991
  [base_invented] step   2  mean gold log-prob = -2.990
  [base_invented] step   3  mean gold log-prob = -2.990
  [base_invented] step   4  mean gold log-prob = -2.989
  [base_invented] step   5  mean gold log-prob = -2.989
  [base_invented] step   6  mean gold log-prob = -2.988
  [base_invented] step   7  mean gold log-prob = -2.988
  [base_invented] step   8  mean gold log-prob = -2.988
  [base_invented] step   9  mean gold log-prob = -2.987
  [base_invented] step  10  mean gold log-prob = -2.987
  [base_invented] step  11  mean gold log-prob = -2.986
  [base_invented] step  12  mean gold log-prob = -2.986
  [base_invented] step  13  mean gold log-prob = -2.986
  [base_invented] step  14  mean gold log-prob = -2.986
  [base_invented] step  15  mean gold log-prob = -2.985
  [base_invented] step  20  mean gold log-prob = -2.981
  [base_invented] step  25  mean gold log-prob = -2.978
  [base_invented] step  30  mean gold log-prob = -2.974
  [base_invented] step  35  mean gold log-prob = -2.971
  [base_invented] step  40  mean gold log-prob = -2.968
  [base_invented] step  45  mean gold log-prob = -2.964
  [base_invented] step  50  mean gold log-prob = -2.960

=== condition base_forget: open-unlearning/tofu_Llama-3.2-1B-Instruct_full ===
Loading weights:   0%|          | 0/146 [00:00<?, ?it/s]Loading weights:   1%|          | 1/146 [00:00<01:20,  1.81it/s]Loading weights:  84%|████████▎ | 122/146 [00:00<00:00, 249.61it/s]Loading weights: 100%|██████████| 146/146 [00:00<00:00, 213.63it/s]
Loaded: open-unlearning/tofu_Llama-3.2-1B-Instruct_full
Device: mps | dtype: torch.float16
Params: 1.2B
  [base_forget] step   0  mean gold log-prob = -0.683
  [base_forget] step   1  mean gold log-prob = -0.681
  [base_forget] step   2  mean gold log-prob = -0.681
  [base_forget] step   3  mean gold log-prob = -0.681
  [base_forget] step   4  mean gold log-prob = -0.681
  [base_forget] step   5  mean gold log-prob = -0.681
  [base_forget] step   6  mean gold log-prob = -0.681
  [base_forget] step   7  mean gold log-prob = -0.681
  [base_forget] step   8  mean gold log-prob = -0.681
  [base_forget] step   9  mean gold log-prob = -0.681
  [base_forget] step  10  mean gold log-prob = -0.681
  [base_forget] step  11  mean gold log-prob = -0.681
  [base_forget] step  12  mean gold log-prob = -0.681
  [base_forget] step  13  mean gold log-prob = -0.681
  [base_forget] step  14  mean gold log-prob = -0.681
  [base_forget] step  15  mean gold log-prob = -0.681
  [base_forget] step  20  mean gold log-prob = -0.682
  [base_forget] step  25  mean gold log-prob = -0.683
  [base_forget] step  30  mean gold log-prob = -0.682
  [base_forget] step  35  mean gold log-prob = -0.682
  [base_forget] step  40  mean gold log-prob = -0.683
  [base_forget] step  45  mean gold log-prob = -0.682
  [base_forget] step  50  mean gold log-prob = -0.682

DONE. curves -> ../results/relearning/relearning_curves.json
